# JRE version: OpenJDK Runtime Environment Temurin-17.0.4+8 (17.0.4+8) (build 17.0.4+8)
# Java VM: OpenJDK 64-Bit Server VM Temurin-17.0.4+8 (17.0.4+8, mixed mode, emulated-client, tiered, compressed oops, compressed class ptrs, g1 gc, windows-amd64)
GC Precious Log:
 CPUs: 4 total, 4 available
 Memory: 7638M
 Large Page Support: Disabled
 NUMA Support: Disabled
 Compressed Oops: Enabled (32-bit)
 Heap Region Size: 1M
 Heap Min Capacity: 8M
 Heap Initial Capacity: 120M
 Heap Max Capacity: 1910M
 Pre-touch: Disabled
 Parallel Workers: 4
 Concurrent Workers: 1
 Concurrent Refinement Workers: 4
 Periodic GC: Disabled
Heap:
 garbage-first heap   total 119808K, used 35021K [0x0000000088a00000, 0x0000000100000000)
  region size 1024K, 1 young (1024K), 0 survivors (0K)
 Metaspace       used 54143K, committed 54592K, reserved 1097728K
  class space    used 7165K, committed 7360K, reserved 1048576K
GC Heap History (20 events):
Event: 27593.487 GC heap before
{Heap before GC invocations=2523 (full 2477):
 garbage-first heap   total 119808K, used 35021K [0x0000000088a00000, 0x0000000100000000)
  region size 1024K, 1 young (1024K), 0 survivors (0K)
 Metaspace       used 54143K, committed 54592K, reserved 1097728K
  class space    used 7165K, committed 7360K, reserved 1048576K
}
Event: 27593.569 GC heap after
{Heap after GC invocations=2524 (full 2478):
 garbage-first heap   total 119808K, used 35021K [0x0000000088a00000, 0x0000000100000000)
  region size 1024K, 0 young (0K), 0 survivors (0K)
 Metaspace       used 54143K, committed 54592K, reserved 1097728K
  class space    used 7165K, committed 7360K, reserved 1048576K
}
Event: 27604.938 GC heap before
{Heap before GC invocations=2524 (full 2478):
 garbage-first heap   total 119808K, used 35021K [0x0000000088a00000, 0x0000000100000000)
  region size 1024K, 1 young (1024K), 0 survivors (0K)
 Metaspace       used 54143K, committed 54592K, reserved 1097728K
  class space    used 7165K, committed 7360K, reserved 1048576K
}
Event: 27605.058 GC heap after
{Heap after GC invocations=2525 (full 2479):
 garbage-first heap   total 119808K, used 35021K [0x0000000088a00000, 0x0000000100000000)
  region size 1024K, 0 young (0K), 0 survivors (0K)
 Metaspace       used 54143K, committed 54592K, reserved 1097728K
  class space    used 7165K, committed 7360K, reserved 1048576K
}
Event: 27616.749 GC heap before
{Heap before GC invocations=2525 (full 2479):
 garbage-first heap   total 119808K, used 35021K [0x0000000088a00000, 0x0000000100000000)
  region size 1024K, 1 young (1024K), 0 survivors (0K)
 Metaspace       used 54143K, committed 54592K, reserved 1097728K
  class space    used 7165K, committed 7360K, reserved 1048576K
}
Event: 27616.863 GC heap after
{Heap after GC invocations=2526 (full 2480):
 garbage-first heap   total 119808K, used 35021K [0x0000000088a00000, 0x0000000100000000)
  region size 1024K, 0 young (0K), 0 survivors (0K)
 Metaspace       used 54143K, committed 54592K, reserved 1097728K
  class space    used 7165K, committed 7360K, reserved 1048576K
}
Event: 27627.468 GC heap before
{Heap before GC invocations=2526 (full 2480):
 garbage-first heap   total 119808K, used 35021K [0x0000000088a00000, 0x0000000100000000)
  region size 1024K, 1 young (1024K), 0 survivors (0K)
 Metaspace       used 54143K, committed 54592K, reserved 1097728K
  class space    used 7165K, committed 7360K, reserved 1048576K
}
Event: 27627.561 GC heap after
{Heap after GC invocations=2527 (full 2481):
 garbage-first heap   total 119808K, used 35021K [0x0000000088a00000, 0x0000000100000000)
  region size 1024K, 0 young (0K), 0 survivors (0K)
 Metaspace       used 54143K, committed 54592K, reserved 1097728K
  class space    used 7165K, committed 7360K, reserved 1048576K
}
Event: 27638.106 GC heap before
{Heap before GC invocations=2527 (full 2481):
 garbage-first heap   total 119808K, used 35021K [0x0000000088a00000, 0x0000000100000000)
  region size 1024K, 1 young (1024K), 0 survivors (0K)
 Metaspace       used 54143K, committed 54592K, reserved 1097728K
  class space    used 7165K, committed 7360K, reserved 1048576K
}
Event: 27638.207 GC heap after
{Heap after GC invocations=2528 (full 2482):
 garbage-first heap   total 119808K, used 35021K [0x0000000088a00000, 0x0000000100000000)
  region size 1024K, 0 young (0K), 0 survivors (0K)
 Metaspace       used 54143K, committed 54592K, reserved 1097728K
  class space    used 7165K, committed 7360K, reserved 1048576K
}
Event: 27649.257 GC heap before
{Heap before GC invocations=2528 (full 2482):
 garbage-first heap   total 119808K, used 35021K [0x0000000088a00000, 0x0000000100000000)
  region size 1024K, 1 young (1024K), 0 survivors (0K)
 Metaspace       used 54143K, committed 54592K, reserved 1097728K
  class space    used 7165K, committed 7360K, reserved 1048576K
}
Event: 27649.368 GC heap after
{Heap after GC invocations=2529 (full 2483):
 garbage-first heap   total 119808K, used 35021K [0x0000000088a00000, 0x0000000100000000)
  region size 1024K, 0 young (0K), 0 survivors (0K)
 Metaspace       used 54143K, committed 54592K, reserved 1097728K
  class space    used 7165K, committed 7360K, reserved 1048576K
}
Event: 27659.969 GC heap before
{Heap before GC invocations=2529 (full 2483):
 garbage-first heap   total 119808K, used 35021K [0x0000000088a00000, 0x0000000100000000)
  region size 1024K, 1 young (1024K), 0 survivors (0K)
 Metaspace       used 54143K, committed 54592K, reserved 1097728K
  class space    used 7165K, committed 7360K, reserved 1048576K
}
Event: 27660.069 GC heap after
{Heap after GC invocations=2530 (full 2484):
 garbage-first heap   total 119808K, used 35021K [0x0000000088a00000, 0x0000000100000000)
  region size 1024K, 0 young (0K), 0 survivors (0K)
 Metaspace       used 54143K, committed 54592K, reserved 1097728K
  class space    used 7165K, committed 7360K, reserved 1048576K
}
Event: 27670.724 GC heap before
{Heap before GC invocations=2530 (full 2484):
 garbage-first heap   total 119808K, used 35021K [0x0000000088a00000, 0x0000000100000000)
  region size 1024K, 1 young (1024K), 0 survivors (0K)
 Metaspace       used 54143K, committed 54592K, reserved 1097728K
  class space    used 7165K, committed 7360K, reserved 1048576K
}
Event: 27670.806 GC heap after
{Heap after GC invocations=2531 (full 2485):
 garbage-first heap   total 119808K, used 35021K [0x0000000088a00000, 0x0000000100000000)
  region size 1024K, 0 young (0K), 0 survivors (0K)
 Metaspace       used 54143K, committed 54592K, reserved 1097728K
  class space    used 7165K, committed 7360K, reserved 1048576K
}
Event: 27681.671 GC heap before
{Heap before GC invocations=2531 (full 2485):
 garbage-first heap   total 119808K, used 35021K [0x0000000088a00000, 0x0000000100000000)
  region size 1024K, 1 young (1024K), 0 survivors (0K)
 Metaspace       used 54143K, committed 54592K, reserved 1097728K
  class space    used 7165K, committed 7360K, reserved 1048576K
}
Event: 27681.786 GC heap after
{Heap after GC invocations=2532 (full 2486):
 garbage-first heap   total 119808K, used 35021K [0x0000000088a00000, 0x0000000100000000)
  region size 1024K, 0 young (0K), 0 survivors (0K)
 Metaspace       used 54143K, committed 54592K, reserved 1097728K
  class space    used 7165K, committed 7360K, reserved 1048576K
}
Event: 27695.933 GC heap before
{Heap before GC invocations=2532 (full 2486):
 garbage-first heap   total 119808K, used 35021K [0x0000000088a00000, 0x0000000100000000)
  region size 1024K, 1 young (1024K), 0 survivors (0K)
 Metaspace       used 54143K, committed 54592K, reserved 1097728K
  class space    used 7165K, committed 7360K, reserved 1048576K
}
Event: 27696.045 GC heap after
{Heap after GC invocations=2533 (full 2487):
 garbage-first heap   total 119808K, used 35021K [0x0000000088a00000, 0x0000000100000000)
  region size 1024K, 0 young (0K), 0 survivors (0K)
 Metaspace       used 54143K, committed 54592K, reserved 1097728K
  class space    used 7165K, committed 7360K, reserved 1048576K
}

